# JRE version: Java(TM) SE Runtime Environment (8.0-b116) (build 1.8.0-ea-b116)
# Java VM: Java HotSpot(TM) Client VM (25.0-b58 mixed mode linux-arm )
Heap:
 def new generation   total 11392K, used 6474K [0x64000000, 0x64c40000, 0x69540000)
  eden space 10240K,  62% used [0x64000000, 0x646394e8, 0x64a00000)
  from space 1152K,   8% used [0x64a00000, 0x64a19650, 0x64b20000)
  to   space 1152K,   0% used [0x64b20000, 0x64b20000, 0x64c40000)
 tenured generation   total 24996K, used 18698K [0x69540000, 0x6ada9000, 0x74000000)
   the space 24996K,  74% used [0x69540000, 0x6a782958, 0x6a782a00, 0x6ada9000)
 Metaspace       used 11170K, capacity 12394K, committed 12440K, reserved 12592K
GC Heap History (10 events):
Event: 540.348 GC heap before
{Heap before GC invocations=68 (full 3):
 def new generation   total 11392K, used 10662K [0x64000000, 0x64c40000, 0x69540000)
  eden space 10240K, 100% used [0x64000000, 0x64a00000, 0x64a00000)
  from space 1152K,  36% used [0x64b20000, 0x64b89bb0, 0x64c40000)
  to   space 1152K,   0% used [0x64a00000, 0x64a00000, 0x64b20000)
 tenured generation   total 24996K, used 18162K [0x69540000, 0x6ada9000, 0x74000000)
   the space 24996K,  72% used [0x69540000, 0x6a6fc898, 0x6a6fca00, 0x6ada9000)
 Metaspace       used 10470K, capacity 11672K, committed 11672K, reserved 12592K
Event: 540.353 GC heap after
Heap after GC invocations=69 (full 3):
 def new generation   total 11392K, used 346K [0x64000000, 0x64c40000, 0x69540000)
  eden space 10240K,   0% used [0x64000000, 0x64000000, 0x64a00000)
  from space 1152K,  30% used [0x64a00000, 0x64a568e0, 0x64b20000)
  to   space 1152K,   0% used [0x64b20000, 0x64b20000, 0x64c40000)
 tenured generation   total 24996K, used 18162K [0x69540000, 0x6ada9000, 0x74000000)
   the space 24996K,  72% used [0x69540000, 0x6a6fc898, 0x6a6fca00, 0x6ada9000)
 Metaspace       used 10470K, capacity 11672K, committed 11672K, reserved 12592K
}
Event: 546.541 GC heap before
{Heap before GC invocations=69 (full 3):
 def new generation   total 11392K, used 10586K [0x64000000, 0x64c40000, 0x69540000)
  eden space 10240K, 100% used [0x64000000, 0x64a00000, 0x64a00000)
  from space 1152K,  30% used [0x64a00000, 0x64a568e0, 0x64b20000)
  to   space 1152K,   0% used [0x64b20000, 0x64b20000, 0x64c40000)
 tenured generation   total 24996K, used 18162K [0x69540000, 0x6ada9000, 0x74000000)
   the space 24996K,  72% used [0x69540000, 0x6a6fc898, 0x6a6fca00, 0x6ada9000)
 Metaspace       used 10473K, capacity 11676K, committed 11800K, reserved 12592K
Event: 546.545 GC heap after
Heap after GC invocations=70 (full 3):
 def new generation   total 11392K, used 339K [0x64000000, 0x64c40000, 0x69540000)
  eden space 10240K,   0% used [0x64000000, 0x64000000, 0x64a00000)
  from space 1152K,  29% used [0x64b20000, 0x64b74c30, 0x64c40000)
  to   space 1152K,   0% used [0x64a00000, 0x64a00000, 0x64b20000)
 tenured generation   total 24996K, used 18162K [0x69540000, 0x6ada9000, 0x74000000)
   the space 24996K,  72% used [0x69540000, 0x6a6fc898, 0x6a6fca00, 0x6ada9000)
 Metaspace       used 10473K, capacity 11676K, committed 11800K, reserved 12592K
}
Event: 580.320 GC heap before
{Heap before GC invocations=70 (full 3):
 def new generation   total 11392K, used 10579K [0x64000000, 0x64c40000, 0x69540000)
  eden space 10240K, 100% used [0x64000000, 0x64a00000, 0x64a00000)
  from space 1152K,  29% used [0x64b20000, 0x64b74c30, 0x64c40000)
  to   space 1152K,   0% used [0x64a00000, 0x64a00000, 0x64b20000)
 tenured generation   total 24996K, used 18162K [0x69540000, 0x6ada9000, 0x74000000)
   the space 24996K,  72% used [0x69540000, 0x6a6fc898, 0x6a6fca00, 0x6ada9000)
 Metaspace       used 10476K, capacity 11680K, committed 11800K, reserved 12592K
Event: 580.336 GC heap after
Heap after GC invocations=71 (full 3):
 def new generation   total 11392K, used 336K [0x64000000, 0x64c40000, 0x69540000)
  eden space 10240K,   0% used [0x64000000, 0x64000000, 0x64a00000)
  from space 1152K,  29% used [0x64a00000, 0x64a541c8, 0x64b20000)
  to   space 1152K,   0% used [0x64b20000, 0x64b20000, 0x64c40000)
 tenured generation   total 24996K, used 18162K [0x69540000, 0x6ada9000, 0x74000000)
   the space 24996K,  72% used [0x69540000, 0x6a6fc898, 0x6a6fca00, 0x6ada9000)
 Metaspace       used 10476K, capacity 11680K, committed 11800K, reserved 12592K
}
Event: 591.127 GC heap before
{Heap before GC invocations=71 (full 3):
 def new generation   total 11392K, used 10576K [0x64000000, 0x64c40000, 0x69540000)
  eden space 10240K, 100% used [0x64000000, 0x64a00000, 0x64a00000)
  from space 1152K,  29% used [0x64a00000, 0x64a541c8, 0x64b20000)
  to   space 1152K,   0% used [0x64b20000, 0x64b20000, 0x64c40000)
 tenured generation   total 24996K, used 18162K [0x69540000, 0x6ada9000, 0x74000000)
   the space 24996K,  72% used [0x69540000, 0x6a6fc898, 0x6a6fca00, 0x6ada9000)
 Metaspace       used 11030K, capacity 12226K, committed 12312K, reserved 12592K
Event: 591.134 GC heap after
Heap after GC invocations=72 (full 3):
 def new generation   total 11392K, used 902K [0x64000000, 0x64c40000, 0x69540000)
  eden space 10240K,   0% used [0x64000000, 0x64000000, 0x64a00000)
  from space 1152K,  78% used [0x64b20000, 0x64c01838, 0x64c40000)
  to   space 1152K,   0% used [0x64a00000, 0x64a00000, 0x64b20000)
 tenured generation   total 24996K, used 18162K [0x69540000, 0x6ada9000, 0x74000000)
   the space 24996K,  72% used [0x69540000, 0x6a6fc898, 0x6a6fca00, 0x6ada9000)
 Metaspace       used 11030K, capacity 12226K, committed 12312K, reserved 12592K
}
Event: 600.980 GC heap before
{Heap before GC invocations=72 (full 3):
 def new generation   total 11392K, used 11142K [0x64000000, 0x64c40000, 0x69540000)
  eden space 10240K, 100% used [0x64000000, 0x64a00000, 0x64a00000)
  from space 1152K,  78% used [0x64b20000, 0x64c01838, 0x64c40000)
  to   space 1152K,   0% used [0x64a00000, 0x64a00000, 0x64b20000)
 tenured generation   total 24996K, used 18162K [0x69540000, 0x6ada9000, 0x74000000)
   the space 24996K,  72% used [0x69540000, 0x6a6fc898, 0x6a6fca00, 0x6ada9000)
 Metaspace       used 11054K, capacity 12262K, committed 12312K, reserved 12592K
Event: 600.986 GC heap after
Heap after GC invocations=73 (full 3):
 def new generation   total 11392K, used 101K [0x64000000, 0x64c40000, 0x69540000)
  eden space 10240K,   0% used [0x64000000, 0x64000000, 0x64a00000)
  from space 1152K,   8% used [0x64a00000, 0x64a19650, 0x64b20000)
  to   space 1152K,   0% used [0x64b20000, 0x64b20000, 0x64c40000)
 tenured generation   total 24996K, used 18698K [0x69540000, 0x6ada9000, 0x74000000)
   the space 24996K,  74% used [0x69540000, 0x6a782958, 0x6a782a00, 0x6ada9000)
 Metaspace       used 11054K, capacity 12262K, committed 12312K, reserved 12592K
}

